[12:04:48][DEBUG][MAIN][ENV_INIT]: Load coreEnv    
[12:04:48][DEBUG][MAIN][ENV_INIT]: Loading core libs    
[12:04:48][DEBUG][MAIN][ENV_INIT]: Initialize the environment    
[12:04:48][DATA_EXECUTION][MAIN]: Prepare executeDir execution: envInit (lua/env/init)    
[12:04:48][DATA_LOADING][MAIN]: Loading dir: lua/env/init (envInit)    
[12:04:48][DATA_LOADING][MAIN]: Successfully loaded files: 10 (envInit)    
[12:04:48][DATA_LOADING][MAIN]: Loading dir done: lua/env/init (envInit)    
[12:04:48][DATA_EXECUTION][MAIN]: Execute: lua/env/init (envInit)    
[12:04:48][DEBUG][MAIN]: Loading libs    
[12:04:48][DEBUG][MAIN][SHARED]: Set metatables    
[12:04:48][INFO][MAIN]: Open user DB    
[12:04:48][DATA_EXECUTION][MAIN]: Successfully executed: 10 files (envInit)    
[12:04:48][DATA_EXECUTION][MAIN]: Executing done: envInit (lua/env/init)    
[12:04:48][DEBUG][MAIN]: Load dynamic env data    
[12:04:48][DATA_LOADING][MAIN]: Loading dir: lua/env/dynData (dynData)    
[12:04:48][DATA_LOADING][MAIN]: Successfully loaded files: 47 (dynData)    
[12:04:48][DATA_LOADING][MAIN]: Loading dir done: lua/env/dynData (dynData)    
[12:04:48][DATA_LOADING][MAIN]: Loading dir: lua/env/dynData (dynData)    
[12:04:48][DATA_LOADING][MAIN]: Successfully loaded files: 47 (dynData)    
[12:04:48][DATA_LOADING][MAIN]: Loading dir done: lua/env/dynData (dynData)    
[12:04:48][INFO][MAIN]: Start initialization    
[12:04:48][DEBUG][MAIN][INIT]: Initialize main env    
[12:04:48][INFO][MAIN][INIT]: Initialize core level    
[12:04:48][DATA_EXECUTION][MAIN][INIT]: Prepare executeDir execution: INIT (lua/core/init)    
[12:04:48][DATA_LOADING][MAIN][INIT]: Loading dir: lua/core/init (INIT)    
[12:04:49][DATA_LOADING][MAIN][INIT]: Successfully loaded files: 5 (INIT)    
[12:04:49][DATA_LOADING][MAIN][INIT]: Loading dir done: lua/core/init (INIT)    
[12:04:49][DATA_EXECUTION][MAIN][INIT]: Execute: lua/core/init (INIT)    
[12:04:49][DEBUG][MAIN][INIT]: Starting event manager    
[12:04:49][DEBUG][MAIN][INIT]: Starting sharing manager    
[12:04:49][DEBUG][MAIN][INIT]: Starting event manager    
[12:04:49][DEBUG][MAIN][INIT]: Starting event listener    
[12:04:49][INFO][MAIN][INIT][USERLOGIN]: Initialize user login env    
[12:04:49][DEBUG][MAIN][INIT][DB]: Prepare login DB    
[12:04:49][DEBUG][MAIN][INIT][DB]: Create sysinfo table: 1    
[12:04:49][DEBUG][MAIN][INIT][DB]: Create users table: 1    
[12:04:49][DEBUG][MAIN][INIT][DB]: Create permissions table: 1    
[12:04:49][DEBUG][MAIN][INIT][DB]: Create sessions table: 1    
[12:04:49][DEBUG][MAIN][INIT][DB]: Prepare sysinfo table: 0    
[12:04:49][DATA_EXECUTION][MAIN][INIT]: Successfully executed: 5 files (INIT)    
[12:04:49][DATA_EXECUTION][MAIN][INIT]: Executing done: INIT (lua/core/init)    
[12:04:49][DEBUG][MAIN][INIT]: Initialize terminal    
[12:04:49][DATA_LOADING][MAIN][INIT]: Loading dir: userData/commands (commands)    
[12:04:49][DATA_LOADING][MAIN][INIT]: Successfully loaded files: 22 (commands)    
[12:04:49][DATA_LOADING][MAIN][INIT]: Loading dir done: userData/commands (commands)    
[12:04:49][INFO][MAIN][INIT]: Initialize system level    
[12:04:49][DATA_EXECUTION][MAIN][INIT]: Prepare executeDir execution: INIT_SYSTEM (lua/init)    
[12:04:49][DATA_LOADING][MAIN][INIT]: Loading dir: lua/init (INIT_SYSTEM)    
[12:04:49][DATA_LOADING][MAIN][INIT]: Successfully loaded files: 0 (INIT_SYSTEM)    
[12:04:49][DATA_LOADING][MAIN][INIT]: Loading dir done: lua/init (INIT_SYSTEM)    
[12:04:49][DATA_EXECUTION][MAIN][INIT]: Execute: lua/init (INIT_SYSTEM)    
[12:04:49][DATA_EXECUTION][MAIN][INIT]: Successfully executed: 0 files (INIT_SYSTEM)    
[12:04:49][DATA_EXECUTION][MAIN][INIT]: Executing done: INIT_SYSTEM (lua/init)    
[12:04:49][INFO][MAIN][INIT]: Initialize user level    
[12:04:49][DATA_EXECUTION][MAIN][INIT]: Prepare executeDir execution: INIT_USER (userData/init)    
[12:04:49][DATA_LOADING][MAIN][INIT]: Loading dir: userData/init (INIT_USER)    
[12:04:49][DATA_LOADING][MAIN][INIT]: Successfully loaded files: 1 (INIT_USER)    
[12:04:49][DATA_LOADING][MAIN][INIT]: Loading dir done: userData/init (INIT_USER)    
[12:04:49][DATA_EXECUTION][MAIN][INIT]: Execute: userData/init (INIT_USER)    
[12:04:50][DATA_EXECUTION][MAIN][INIT]: Successfully executed: 1 files (INIT_USER)    
[12:04:50][DATA_EXECUTION][MAIN][INIT]: Executing done: INIT_USER (userData/init)    
[12:04:50][INFO][MAIN][INIT]: Initialization done    
